<?xml version="1.0" encoding="UTF-8"?><testsuite errors="1" failures="0" name="HU-001 Buscar arreglo floral" skipped="0" tests="1" time="12.0" timestamp="2021-12-05 06:32:44"><testcase name="Buscar arreglo floral"><error message="invalid selector: Unable to locate an element with the xpath expression //input[contains(@placeholder,'Buscar productos)] because of the following error:&#10;SyntaxError: Failed to execute 'evaluate' on 'Document': The string '//input[contains(@placeholder,'Buscar productos)]' is not a valid XPath expression.&#10;  (Session info: chrome=96.0.4664.45)&#10;For documentation on this error, please visit: https://www.seleniumhq.org/exceptions/invalid_selector_exception.html&#10;Build info: version: '3.141.59', revision: 'e82be7d358', time: '2018-11-14T08:17:03'&#10;System info: host: 'DESKTOP-DTEI1N0', ip: '192.168.0.32', os.name: 'Windows 10', os.arch: 'x86', os.version: '10.0', java.version: '1.8.0_311'&#10;Driver info: org.openqa.selenium.chrome.ChromeDriver&#10;Capabilities {acceptInsecureCerts: false, browserName: chrome, browserVersion: 96.0.4664.45, chrome: {chromedriverVersion: 96.0.4664.45 (76e4c1bb2ab46..., userDataDir: C:\Users\bimas\AppData\Loca...}, goog:chromeOptions: {debuggerAddress: localhost:62018}, javascriptEnabled: true, networkConnectionEnabled: false, pageLoadStrategy: normal, platform: WINDOWS, platformName: WINDOWS, proxy: Proxy(), setWindowRect: true, strictFileInteractability: false, timeouts: {implicit: 0, pageLoad: 300000, script: 30000}, unhandledPromptBehavior: dismiss and notify, webauthn:extension:credBlob: true, webauthn:extension:largeBlob: true, webauthn:virtualAuthenticators: true}&#10;Session ID: 83dac095b1f321726cad4b3448edec9a&#10;*** Element info: {Using=xpath, value=//input[contains(@placeholder,'Buscar productos)]}&#10;For documentation on this error, please visit: https://www.seleniumhq.org/exceptions/invalid_selector_exception.html&#10;Build info: version: '3.141.59', revision: 'e82be7d358', time: '2018-11-14T08:17:03'&#10;System info: host: 'DESKTOP-DTEI1N0', ip: '192.168.0.32', os.name: 'Windows 10', os.arch: 'x86', os.version: '10.0', java.version: '1.8.0_311'&#10;Driver info: driver.version: unknown" type="org.openqa.selenium.InvalidSelectorException">invalid selector: Unable to locate an element with the xpath expression //input[contains(@placeholder,'Buscar productos)] because of the following error:
SyntaxError: Failed to execute 'evaluate' on 'Document': The string '//input[contains(@placeholder,'Buscar productos)]' is not a valid XPath expression.
  (Session info: chrome=96.0.4664.45)
For documentation on this error, please visit: https://www.seleniumhq.org/exceptions/invalid_selector_exception.html
Build info: version: '3.141.59', revision: 'e82be7d358', time: '2018-11-14T08:17:03'
System info: host: 'DESKTOP-DTEI1N0', ip: '192.168.0.32', os.name: 'Windows 10', os.arch: 'x86', os.version: '10.0', java.version: '1.8.0_311'
Driver info: org.openqa.selenium.chrome.ChromeDriver
Capabilities {acceptInsecureCerts: false, browserName: chrome, browserVersion: 96.0.4664.45, chrome: {chromedriverVersion: 96.0.4664.45 (76e4c1bb2ab46..., userDataDir: C:\Users\bimas\AppData\Loca...}, goog:chromeOptions: {debuggerAddress: localhost:62018}, javascriptEnabled: true, networkConnectionEnabled: false, pageLoadStrategy: normal, platform: WINDOWS, platformName: WINDOWS, proxy: Proxy(), setWindowRect: true, strictFileInteractability: false, timeouts: {implicit: 0, pageLoad: 300000, script: 30000}, unhandledPromptBehavior: dismiss and notify, webauthn:extension:credBlob: true, webauthn:extension:largeBlob: true, webauthn:virtualAuthenticators: true}
Session ID: 83dac095b1f321726cad4b3448edec9a
*** Element info: {Using=xpath, value=//input[contains(@placeholder,'Buscar productos)]}
For documentation on this error, please visit: https://www.seleniumhq.org/exceptions/invalid_selector_exception.html
Build info: version: '3.141.59', revision: 'e82be7d358', time: '2018-11-14T08:17:03'
System info: host: 'DESKTOP-DTEI1N0', ip: '192.168.0.32', os.name: 'Windows 10', os.arch: 'x86', os.version: '10.0', java.version: '1.8.0_311'
Driver info: driver.version: unknown</error><system-err>invalid selector: Unable to locate an element with the xpath expression //input[contains(@placeholder,'Buscar productos)] because of the following error:
SyntaxError: Failed to execute 'evaluate' on 'Document': The string '//input[contains(@placeholder,'Buscar productos)]' is not a valid XPath expression.
  (Session info: chrome=96.0.4664.45)
For documentation on this error, please visit: https://www.seleniumhq.org/exceptions/invalid_selector_exception.html
Build info: version: '3.141.59', revision: 'e82be7d358', time: '2018-11-14T08:17:03'
System info: host: 'DESKTOP-DTEI1N0', ip: '192.168.0.32', os.name: 'Windows 10', os.arch: 'x86', os.version: '10.0', java.version: '1.8.0_311'
Driver info: org.openqa.selenium.chrome.ChromeDriver
Capabilities {acceptInsecureCerts: false, browserName: chrome, browserVersion: 96.0.4664.45, chrome: {chromedriverVersion: 96.0.4664.45 (76e4c1bb2ab46..., userDataDir: C:\Users\bimas\AppData\Loca...}, goog:chromeOptions: {debuggerAddress: localhost:62018}, javascriptEnabled: true, networkConnectionEnabled: false, pageLoadStrategy: normal, platform: WINDOWS, platformName: WINDOWS, proxy: Proxy(), setWindowRect: true, strictFileInteractability: false, timeouts: {implicit: 0, pageLoad: 300000, script: 30000}, unhandledPromptBehavior: dismiss and notify, webauthn:extension:credBlob: true, webauthn:extension:largeBlob: true, webauthn:virtualAuthenticators: true}
Session ID: 83dac095b1f321726cad4b3448edec9a
*** Element info: {Using=xpath, value=//input[contains(@placeholder,'Buscar productos)]}
For documentation on this error, please visit: https://www.seleniumhq.org/exceptions/invalid_selector_exception.html
Build info: version: '3.141.59', revision: 'e82be7d358', time: '2018-11-14T08:17:03'
System info: host: 'DESKTOP-DTEI1N0', ip: '192.168.0.32', os.name: 'Windows 10', os.arch: 'x86', os.version: '10.0', java.version: '1.8.0_311'
Driver info: driver.version: unknown&#13;
steps.FlorezDeLujoSteps.buscarElementoEnFloresDeLujo(FlorezDeLujoSteps.java:17)&#13;
stepsDefinitions.FlorezDeLujoStepDefinitions.busqueElProductoRegocijo(FlorezDeLujoStepDefinitions.java:21)&#13;
✽.busque el producto Regocijo(src/test/resources/features/FlorezDeLujo.feature:8)&#13;
</system-err></testcase></testsuite>